Node.js version v25.2.1 detected.
Odd numbered Node.js versions will not enter LTS status and should not be used for production. For more information, please see https://nodejs.org/en/about/previous-releases/.
❯ Building...
✔ Building...
Initial chunk files | Names         |  Raw size
main.js             | main          | 272.87 kB | 
chunk-HSAZ6MVI.js   | -             | 125.54 kB | 
styles.css          | styles        |  87.46 kB | 
chunk-BGOMWL7Y.js   | -             |  28.31 kB | 
chunk-FQFWLKKP.js   | -             |   5.00 kB | 
chunk-EVSPGG2W.js   | -             |   1.64 kB | 
polyfills.js        | polyfills     |  95 bytes | 

                    | Initial total | 520.92 kB

Lazy chunk files    | Names         |  Raw size
chunk-W5OU2U4K.js   | uikit-routes  | 611.84 kB | 
chunk-APDJX7L5.js   | pages-routes  | 424.28 kB | 
chunk-XAR3EXYE.js   | auth-routes   |  35.45 kB | 
chunk-O7G67T6S.js   | -             |  33.22 kB | 

Application bundle generation complete. [4.415 seconds] - 2026-02-26T22:52:00.170Z

Watch mode enabled. Watching for file changes...
NOTE: Raw file sizes do not reflect development server per-request transformations.
  ➜  Local:   http://localhost:4201/
